[07Mär2019 22:38:46.314] [main/INFO] [cpw.mods.modlauncher.Launcher/MODLAUNCHER]: ModLauncher running: args []
[07Mär2019 22:38:46.321] [main/INFO] [cpw.mods.modlauncher.Launcher/MODLAUNCHER]: ModLauncher starting: java version 1.8.0_201
[07Mär2019 22:38:46.476] [main/DEBUG] [cpw.mods.modlauncher.LaunchServiceHandler/MODLAUNCHER]: Found launch services [minecraft,fmldevclient,fmldevserver,fmluserdevserver,testharness,fmlclient,fmluserdevclient,fmlserver]
[07Mär2019 22:38:46.498] [main/DEBUG] [cpw.mods.modlauncher.TransformationServicesHandler/MODLAUNCHER]: Found transformer services : [fml]
[07Mär2019 22:38:46.506] [main/DEBUG] [cpw.mods.modlauncher.NameMappingServiceHandler/MODLAUNCHER]: Found naming services 
[07Mär2019 22:38:46.538] [main/DEBUG] [cpw.mods.modlauncher.LaunchPluginHandler/MODLAUNCHER]: Found launch plugins: [eventbus,object_holder_definalize,runtime_enum_extender,accesstransformer,capability_inject_definalize,runtimedistcleaner]
[07Mär2019 22:38:46.541] [main/DEBUG] [cpw.mods.modlauncher.TransformationServicesHandler/MODLAUNCHER]: Transformation services loading
[07Mär2019 22:38:46.544] [main/DEBUG] [cpw.mods.modlauncher.TransformationServiceDecorator/MODLAUNCHER]: Loading service fml
[07Mär2019 22:38:46.552] [main/DEBUG] [net.minecraftforge.fml.loading.LauncherVersion/CORE]: Found FMLLauncher version 25.0
[07Mär2019 22:38:46.553] [main/DEBUG] [net.minecraftforge.fml.loading.FMLLoader/CORE]: FML 25.0 loading
[07Mär2019 22:38:46.553] [main/DEBUG] [net.minecraftforge.fml.loading.FMLLoader/CORE]: FML found ModLauncher version : 0.12.0+39+1d51d83
[07Mär2019 22:38:46.553] [main/DEBUG] [net.minecraftforge.fml.loading.FMLLoader/CORE]: Initializing modjar URL handler
[07Mär2019 22:38:46.555] [main/DEBUG] [net.minecraftforge.fml.loading.FMLLoader/CORE]: FML found AccessTransformer version : 0.15.0+43+2b9c795
[07Mär2019 22:38:46.557] [main/DEBUG] [net.minecraftforge.fml.loading.FMLLoader/CORE]: FML found EventBus version : 0.8.0+35+1d68afc
[07Mär2019 22:38:46.558] [main/DEBUG] [net.minecraftforge.fml.loading.FMLLoader/CORE]: Found Runtime Dist Cleaner
[07Mär2019 22:38:46.573] [main/DEBUG] [net.minecraftforge.fml.loading.FMLLoader/CORE]: FML found CoreMod version : 0.4.0+17+382fa40
[07Mär2019 22:38:46.574] [main/DEBUG] [net.minecraftforge.fml.loading.FMLLoader/CORE]: Found ForgeSPI package implementation version 0.11.0+23+39a30e8
[07Mär2019 22:38:46.575] [main/DEBUG] [net.minecraftforge.fml.loading.FMLLoader/CORE]: Found ForgeSPI package specification 2
[07Mär2019 22:38:47.982] [main/INFO] [net.minecraftforge.fml.loading.FixSSL/CORE]: Added Lets Encrypt root certificates as additional trust
[07Mär2019 22:38:47.983] [main/DEBUG] [cpw.mods.modlauncher.TransformationServiceDecorator/MODLAUNCHER]: Loaded service fml
[07Mär2019 22:38:47.990] [main/DEBUG] [cpw.mods.modlauncher.TransformationServicesHandler/MODLAUNCHER]: Configuring option handling for services
